<?xml version="1.0" encoding="UTF-8"?>
<!-- Generated by org.testng.reporters.JUnitReportReporter -->
<testsuite hostname="LAPTOP-EF2UH5PA" name="com.vtiger.testscripts.CreateNewPreoduct" tests="1" failures="0" timestamp="19 Aug 2021 01:27:06 GMT" time="58.499" errors="0">
  <testcase name="newProductCreation" time="58.499" classname="com.vtiger.testscripts.CreateNewPreoduct"/>
</testsuite> <!-- com.vtiger.testscripts.CreateNewPreoduct -->
