<?xml version="1.0" encoding="UTF-8"?>
<!-- Generated by org.testng.reporters.JUnitReportReporter -->
<testsuite hostname="LAPTOP-EF2UH5PA" name="com.vtiger.testscripts.CreateNewProduct" tests="1" failures="0" timestamp="19 Aug 2021 13:11:16 GMT" time="210.790" errors="0">
  <testcase name="newProductCreation" time="210.790" classname="com.vtiger.testscripts.CreateNewProduct"/>
</testsuite> <!-- com.vtiger.testscripts.CreateNewProduct -->
